MPASM 5.87                          MAIN.ASM   6-5-2022  19:36:51         PAGE  1


LOC  OBJECT CODE     LINE SOURCE TEXT
  VALUE

                      00001 ;-------------------------------------------------------------------------------
                      00002 ;   
                      00003 ;   Archivo: main.asm
                      00004 ;   Fecha de creacion/modificacion: 17 Mayo 2022
                      00005 ;   Author: Bottini, Franco Nicolas y Robledo, Valentin
                      00006 ;   Dispositivo: PIC16F887
                      00007 ;   Descripción: Emisor TP FINAL
                      00008 ;   Hardware: Simulacion y Implementacion
                      00009 ;
                      00010 ;-------------------------------------------------------------------------------
                      00011 
                      00012 ;-------------------------------------------------------------------------------
                      00013 ; Librerías incluidas
                      00014 ;-------------------------------------------------------------------------------
                      00015 
Warning[205]: Found directive in column 1. (PROCESSOR)
                      00016 PROCESSOR 16F887
Warning[205]: Found directive in column 1. (LIST)
                      00017 LIST P = 16F887
                      00018 #include <p16f887.inc>
                      00001         LIST
                      00002 
                      00003 ;==========================================================================
                      00004 ; Build date : Jan 06 2020
                      00005 ;  MPASM PIC16F887 processor include
                      00006 ; 
                      00007 ;  (c) Copyright 1999-2020 Microchip Technology, All rights reserved
                      00008 ;==========================================================================
                      00009 
                      00810         LIST
                      00019     
                      00020 ;-------------------------------------------------------------------------------
                      00021 ; Palabras de configuración
                      00022 ;-------------------------------------------------------------------------------
                      00023 
2007   23C4           00024  __CONFIG _CONFIG1, _FOSC_INTRC_NOCLKOUT & _WDTE_OFF & _PWRTE_ON & _MCLRE_OFF & _CP_OFF & _CPD_OFF & _BO
                            REN_ON & _IESO_OFF & _FCMEN_OFF & _LVP_OFF
2008   3FFF           00025  __CONFIG _CONFIG2, _BOR4V_BOR40V & _WRT_OFF
                      00026 
                      00027 ;-------------------------------------------------------------------------------
                      00028 ; Macros
                      00029 ;-------------------------------------------------------------------------------
                      00030     
                      00031 #define FIRST 0x30
                      00032 #define LAST  0x40
                      00033  
Warning[205]: Found directive in column 1. (cblock)
                      00034 cblock 0x70
  00000070            00035     W_Temp
  00000071            00036     Status_Temp
                      00037     
  00000072            00038     BufferFlag
  00000073            00039     BufferPointer
MPASM 5.87                          MAIN.ASM   6-5-2022  19:36:51         PAGE  2


LOC  OBJECT CODE     LINE SOURCE TEXT
  VALUE

                      00040     
  00000074            00041     Data_Temp
                      00042     
  00000075            00043     Row
  00000076            00044     Column
Warning[205]: Found directive in column 1. (ENDC)
                      00045 endc
                      00046 
                      00047 ;-------------------------------------------------------------------------------
                      00048 ; Variables
                      00049 ;-------------------------------------------------------------------------------
                      00050     
                      00051 ;-------------------------------------------------------------------------------
                      00052 ; Vector de Reset
                      00053 ;-------------------------------------------------------------------------------
                      00054     
Warning[205]: Found directive in column 1. (ORG)
                      00055 ORG 0x0000
0000                  00056 resetVector:
0000   2???           00057     goto main
                      00058 
                      00059 ;-------------------------------------------------------------------------------
                      00060 ; Loop principal
                      00061 ;-------------------------------------------------------------------------------
Warning[205]: Found directive in column 1. (ORG)
                      00062 ORG 0x0004
0004   00F0           00063     movwf W_Temp
0005   0E03           00064     swapf STATUS, W
0006   00F1           00065     movwf Status_Temp
                      00066     
0007   180B           00067     btfsc INTCON, RBIF
0008   2???           00068     call Keypad
                      00069     
0009   0E71           00070     swapf Status_Temp, W
000A   0083           00071     movwf STATUS
000B   0EF0           00072     swapf W_Temp, F
000C   0E70           00073     swapf W_Temp, W
                      00074     
000D   0009           00075     retfie
                      00076     
Warning[205]: Found directive in column 1. (ORG)
                      00077 ORG 0x0030
0030                  00078 main:    
0030   1703           00079     bsf STATUS, RP1
                      00080     
0031   3061           00081     movlw 0x61
Message[302]: Register in operand not in bank 0.  Ensure that bank bits are correct.
0032   008F           00082     movwf OSCCON
                      00083     
0033   1683           00084     bsf STATUS, RP0
                      00085     
Message[302]: Register in operand not in bank 0.  Ensure that bank bits are correct.
0034   0187           00086     clrf BAUDCTL
MPASM 5.87                          MAIN.ASM   6-5-2022  19:36:51         PAGE  3


LOC  OBJECT CODE     LINE SOURCE TEXT
  VALUE

                      00087     
Message[302]: Register in operand not in bank 0.  Ensure that bank bits are correct.
0035   0188           00088     clrf ANSEL                  
Message[302]: Register in operand not in bank 0.  Ensure that bank bits are correct.
0036   0189           00089     clrf ANSELH
                      00090     
0037   1303           00091     bcf STATUS, RP1
                      00092     
0038   3020           00093     movlw 0x20
Message[302]: Register in operand not in bank 0.  Ensure that bank bits are correct.
0039   0098           00094     movwf TXSTA
                      00095     
003A   3019           00096     movlw 0x19
Message[302]: Register in operand not in bank 0.  Ensure that bank bits are correct.
003B   0099           00097     movwf SPBRG
                      00098     
003C   300F           00099     movlw 0x0F
Message[302]: Register in operand not in bank 0.  Ensure that bank bits are correct.
003D   0086           00100     movwf TRISB
Message[302]: Register in operand not in bank 0.  Ensure that bank bits are correct.
003E   0096           00101     movwf IOCB
                      00102     
003F   3083           00103     movlw 0x83
Message[302]: Register in operand not in bank 0.  Ensure that bank bits are correct.
0040   0081           00104     movwf OPTION_REG
                      00105     
0041   1283           00106     bcf STATUS, RP0
                      00107     
0042   3030           00108     movlw FIRST
0043   00F3           00109     movwf BufferPointer
                      00110     
0044   1472           00111     bsf BufferFlag, 0
                      00112     
0045   30F0           00113     movlw 0xF0
0046   0086           00114     movwf PORTB
                      00115     
0047   3080           00116     movlw 0x80
0048   0098           00117     movwf RCSTA
                      00118     
0049   3088           00119     movlw 0x88
004A   008B           00120     movwf INTCON
004B                  00121 Loop:
004B   1872           00122     btfsc BufferFlag, 0
004C   2???           00123     goto Loop
                      00124     
004D   2???           00125     call SendRegister
004E   2???           00126     goto Loop
                      00127     
                      00128 ;-------------------------------------------------------------------------------
                      00129 ; Subrutinas
                      00130 ;-------------------------------------------------------------------------------
                      00131 
                      00132 ;--------------------------------------------------------------
MPASM 5.87                          MAIN.ASM   6-5-2022  19:36:51         PAGE  4


LOC  OBJECT CODE     LINE SOURCE TEXT
  VALUE

004F                  00133 SendRegister
004F   118B           00134     bcf INTCON, RBIE
                      00135 
0050   2???           00136     call PollBuffer
                      00137     
0051   0099           00138     movwf TXREG
                      00139     
0052   1683           00140     bsf STATUS, RP0
                      00141     
Message[302]: Register in operand not in bank 0.  Ensure that bank bits are correct.
0053   1C98           00142     btfss TXSTA, TRMT
0054   2???           00143     goto $-1   
                      00144     
0055   1283           00145     bcf STATUS, RP0
                      00146     
0056   158B           00147     bsf INTCON, RBIE
                      00148     
0057   0008           00149     return
                      00150 ;--------------------------------------------------------------
                      00151     
                      00152 ;--------------------------------------------------------------
0058                  00153 Keypad
0058   2???           00154     call Debounce    
0059   2???           00155     call ScanRows
                      00156     
005A   1976           00157     btfsc Column, 2
005B   0008           00158     return
                      00159     
005C   1003           00160     bcf STATUS, C
005D   0DF5           00161     rlf Row, F
005E   0DF5           00162     rlf Row, F
                      00163     
005F   0876           00164     movf Column, W
0060   07F5           00165     addwf Row, F
0061   30D0           00166     movlw 0xD0
0062   0775           00167     addwf Row, W
                      00168 
0063   2???           00169     call PutBuffer
                      00170     
0064   30F0           00171     movlw 0xF0
0065   0086           00172     movwf PORTB
                      00173     
0066   2???           00174     call SendRegister
                      00175     
0067   1806           00176     btfsc PORTB, RB0
0068   2???           00177     goto $-1
0069   1886           00178     btfsc PORTB, RB1
006A   2???           00179     goto $-1
006B   1906           00180     btfsc PORTB, RB2
006C   2???           00181     goto $-1
006D   1986           00182     btfsc PORTB, RB3
006E   2???           00183     goto $-1
                      00184 
MPASM 5.87                          MAIN.ASM   6-5-2022  19:36:51         PAGE  5


LOC  OBJECT CODE     LINE SOURCE TEXT
  VALUE

006F   100B           00185     bcf INTCON, RBIF
                      00186     
0070   0008           00187     return
                      00188 ;--------------------------------------------------------------
                      00189     
                      00190 ;--------------------------------------------------------------
0071                  00191 ScanColumns
0071   3000           00192     movlw 0x00
0072   00F6           00193     movwf Column
0073   1806           00194     btfsc PORTB, 0
0074   0008           00195     return
                      00196     
0075   0AF6           00197     incf Column, F
0076   1886           00198     btfsc PORTB, 1
0077   0008           00199     return
                      00200     
0078   0AF6           00201     incf Column, F 
0079   1906           00202     btfsc PORTB, 2
007A   0008           00203     return
                      00204     
007B   0AF6           00205     incf Column, F  
007C   1986           00206     btfsc PORTB, 3
007D   0008           00207     return
                      00208     
007E   3004           00209     movlw 0x04
007F   00F6           00210     movwf Column
                      00211 
0080   0008           00212     return
                      00213 ;--------------------------------------------------------------
                      00214     
                      00215 ;--------------------------------------------------------------
0081                  00216 ScanRows
0081   3000           00217     movlw 0x00
0082   00F5           00218     movwf Row
0083   3010           00219     movlw 0x10
0084   0086           00220     movwf PORTB  
0085   2???           00221     call ScanColumns   
0086   1D76           00222     btfss Column, 2
0087   0008           00223     return
                      00224 
0088   0D86           00225     rlf PORTB, F
0089   0AF5           00226     incf Row, F  
008A   2???           00227     call ScanColumns
008B   1D76           00228     btfss Column, 2
008C   0008           00229     return
                      00230     
008D   0D86           00231     rlf PORTB, F
008E   0AF5           00232     incf Row, F
008F   2???           00233     call ScanColumns
0090   1D76           00234     btfss Column, 2
0091   0008           00235     return
                      00236     
0092   0D86           00237     rlf PORTB, F
MPASM 5.87                          MAIN.ASM   6-5-2022  19:36:51         PAGE  6


LOC  OBJECT CODE     LINE SOURCE TEXT
  VALUE

0093   0AF5           00238     incf Row, F
0094   2???           00239     call ScanColumns
0095   1D76           00240     btfss Column, 2
0096   0008           00241     return      
                      00242     
0097   0008           00243     return
                      00244 ;--------------------------------------------------------------
                      00245     
                      00246 ;--------------------------------------------------------------
0098                  00247 PutBuffer
0098   00F4           00248     movwf Data_Temp
                      00249     
0099   3040           00250     movlw LAST
009A   0273           00251     subwf BufferPointer, W
009B   1903           00252     btfsc STATUS, Z
009C   2???           00253     goto Full
009D   2???           00254     goto Add
                      00255     
009E                  00256 Full:
009E   3030           00257     movlw FIRST
009F   00F3           00258     movwf BufferPointer
                      00259 
00A0                  00260 Add:
00A0   0873           00261     movf BufferPointer, W
00A1   0084           00262     movwf FSR
                      00263     
00A2   0874           00264     movf Data_Temp, W
00A3   0080           00265     movwf INDF
                      00266     
00A4   0AF3           00267     incf BufferPointer, F
                      00268     
00A5   1072           00269     bcf BufferFlag, 0
                      00270     
00A6   0008           00271     return
                      00272 ;--------------------------------------------------------------
                      00273     
                      00274 ;--------------------------------------------------------------
00A7                  00275 PollBuffer
00A7   03F3           00276     decf BufferPointer, F
                      00277     
00A8   0873           00278     movf BufferPointer, W
00A9   0084           00279     movwf FSR
                      00280     
00AA   3030           00281     movlw FIRST
00AB   0273           00282     subwf BufferPointer, W
00AC   1903           00283     btfsc STATUS, Z
00AD   1472           00284     bsf BufferFlag, 0
                      00285 
00AE   0800           00286     movf INDF, W
                      00287     
00AF   0008           00288     return
                      00289 ;--------------------------------------------------------------
                      00290   
MPASM 5.87                          MAIN.ASM   6-5-2022  19:36:51         PAGE  7


LOC  OBJECT CODE     LINE SOURCE TEXT
  VALUE

                      00291 ;--------------------------------------------------------------
00B0                  00292 Debounce ;4 ms aprox   
00B0   110B           00293     bcf INTCON, T0IF
                      00294     
00B1   0181           00295     clrf TMR0
                      00296     
00B2   1D0B           00297     btfss INTCON, T0IF
00B3   2???           00298     goto $-1
                      00299     
00B4   0008           00300     return
                      00301 ;--------------------------------------------------------------
                      00302     
Warning[205]: Found directive in column 1. (END)
23C4 3FFF             00303 END
MPASM 5.87                          MAIN.ASM   6-5-2022  19:36:51         PAGE  8


SYMBOL TABLE
  LABEL                             VALUE 

ABDEN                             00000000
ABDOVF                            00000007
ACKDT                             00000005
ACKEN                             00000004
ACKSTAT                           00000006
ADCON0                            0000001F
ADCON1                            0000009F
ADCS0                             00000006
ADCS1                             00000007
ADDEN                             00000003
ADFM                              00000007
ADIE                              00000006
ADIF                              00000006
ADON                              00000000
ADRESH                            0000001E
ADRESL                            0000009E
ANS0                              00000000
ANS1                              00000001
ANS10                             00000002
ANS11                             00000003
ANS12                             00000004
ANS13                             00000005
ANS2                              00000002
ANS3                              00000003
ANS4                              00000004
ANS5                              00000005
ANS6                              00000006
ANS7                              00000007
ANS8                              00000000
ANS9                              00000001
ANSEL                             00000188
ANSELH                            00000189
Add                               000000A0
BAUDCTL                           00000187
BCLIE                             00000003
BCLIF                             00000003
BF                                00000000
BRG0                              00000000
BRG1                              00000001
BRG10                             00000002
BRG11                             00000003
BRG12                             00000004
BRG13                             00000005
BRG14                             00000006
BRG15                             00000007
BRG16                             00000003
BRG2                              00000002
BRG3                              00000003
BRG4                              00000004
BRG5                              00000005
BRG6                              00000006
BRG7                              00000007
BRG8                              00000000
MPASM 5.87                          MAIN.ASM   6-5-2022  19:36:51         PAGE  9


SYMBOL TABLE
  LABEL                             VALUE 

BRG9                              00000001
BRGH                              00000002
BufferFlag                        00000072
BufferPointer                     00000073
C                                 00000000
C1CH0                             00000000
C1CH1                             00000001
C1IE                              00000005
C1IF                              00000005
C1OE                              00000005
C1ON                              00000007
C1OUT                             00000006
C1POL                             00000004
C1R                               00000002
C1RSEL                            00000005
C1SEN                             00000005
C2CH0                             00000000
C2CH1                             00000001
C2IE                              00000006
C2IF                              00000006
C2OE                              00000005
C2ON                              00000007
C2OUT                             00000006
C2POL                             00000004
C2R                               00000002
C2REN                             00000004
C2RSEL                            00000004
C2SYNC                            00000000
CCP1CON                           00000017
CCP1IE                            00000002
CCP1IF                            00000002
CCP1M0                            00000000
CCP1M1                            00000001
CCP1M2                            00000002
CCP1M3                            00000003
CCP1X                             00000005
CCP1Y                             00000004
CCP2CON                           0000001D
CCP2IE                            00000000
CCP2IF                            00000000
CCP2M0                            00000000
CCP2M1                            00000001
CCP2M2                            00000002
CCP2M3                            00000003
CCP2X                             00000005
CCP2Y                             00000004
CCPR1                             00000015
CCPR1H                            00000016
CCPR1L                            00000015
CCPR2                             0000001B
CCPR2H                            0000001C
CCPR2L                            0000001B
CHS0                              00000002
MPASM 5.87                          MAIN.ASM   6-5-2022  19:36:51         PAGE 10


SYMBOL TABLE
  LABEL                             VALUE 

CHS1                              00000003
CHS2                              00000004
CHS3                              00000005
CKE                               00000006
CKP                               00000004
CM1CON0                           00000107
CM2CON0                           00000108
CM2CON1                           00000109
CREN                              00000004
CSRC                              00000007
Column                            00000076
D                                 00000005
DATA_ADDRESS                      00000005
DC                                00000001
DC1B0                             00000004
DC1B1                             00000005
DC2B0                             00000004
DC2B1                             00000005
D_A                               00000005
D_NOT_A                           00000005
Data_Temp                         00000074
Debounce                          000000B0
ECCPAS                            0000009C
ECCPAS0                           00000004
ECCPAS1                           00000005
ECCPAS2                           00000006
ECCPASE                           00000007
EEADR                             0000010D
EEADRH                            0000010F
EECON1                            0000018C
EECON2                            0000018D
EEDAT                             0000010C
EEDATA                            0000010C
EEDATH                            0000010E
EEIE                              00000004
EEIF                              00000004
EEPGD                             00000007
F                                 00000001
FERR                              00000002
FIRST                             0x30
FSR                               00000004
FVREN                             00000000
Full                              0000009E
GCEN                              00000007
GIE                               00000007
GO                                00000001
GO_DONE                           00000001
GO_NOT_DONE                       00000001
HTS                               00000002
I2C_DATA                          00000005
I2C_READ                          00000002
I2C_START                         00000003
I2C_STOP                          00000004
MPASM 5.87                          MAIN.ASM   6-5-2022  19:36:51         PAGE 11


SYMBOL TABLE
  LABEL                             VALUE 

INDF                              00000000
INTCON                            0000000B
INTE                              00000004
INTEDG                            00000006
INTF                              00000001
IOCB                              00000096
IOCB0                             00000000
IOCB1                             00000001
IOCB2                             00000002
IOCB3                             00000003
IOCB4                             00000004
IOCB5                             00000005
IOCB6                             00000006
IOCB7                             00000007
IRCF0                             00000004
IRCF1                             00000005
IRCF2                             00000006
IRP                               00000007
Keypad                            00000058
LAST                              0x40
LTS                               00000001
Loop                              0000004B
MC1OUT                            00000007
MC2OUT                            00000006
MSK                               00000093
MSK0                              00000000
MSK1                              00000001
MSK2                              00000002
MSK3                              00000003
MSK4                              00000004
MSK5                              00000005
MSK6                              00000006
MSK7                              00000007
NOT_A                             00000005
NOT_ADDRESS                       00000005
NOT_BO                            00000000
NOT_BOR                           00000000
NOT_DONE                          00000001
NOT_PD                            00000003
NOT_POR                           00000001
NOT_RBPU                          00000007
NOT_RC8                           00000006
NOT_T1SYNC                        00000002
NOT_TO                            00000004
NOT_TX8                           00000006
NOT_W                             00000002
NOT_WRITE                         00000002
OERR                              00000001
OPTION_REG                        00000081
OSCCON                            0000008F
OSCTUNE                           00000090
OSFIE                             00000007
OSFIF                             00000007
MPASM 5.87                          MAIN.ASM   6-5-2022  19:36:51         PAGE 12


SYMBOL TABLE
  LABEL                             VALUE 

OSTS                              00000003
P                                 00000004
P1M0                              00000006
P1M1                              00000007
PCL                               00000002
PCLATH                            0000000A
PCON                              0000008E
PDC0                              00000000
PDC1                              00000001
PDC2                              00000002
PDC3                              00000003
PDC4                              00000004
PDC5                              00000005
PDC6                              00000006
PEIE                              00000006
PEN                               00000002
PIE1                              0000008C
PIE2                              0000008D
PIR1                              0000000C
PIR2                              0000000D
PORTA                             00000005
PORTB                             00000006
PORTC                             00000007
PORTD                             00000008
PORTE                             00000009
PR2                               00000092
PRSEN                             00000007
PS0                               00000000
PS1                               00000001
PS2                               00000002
PSA                               00000003
PSSAC0                            00000002
PSSAC1                            00000003
PSSBD0                            00000000
PSSBD1                            00000001
PSTRCON                           0000009D
PULSR                             00000002
PULSS                             00000003
PWM1CON                           0000009B
PollBuffer                        000000A7
PutBuffer                         00000098
R                                 00000002
RA0                               00000000
RA1                               00000001
RA2                               00000002
RA3                               00000003
RA4                               00000004
RA5                               00000005
RA6                               00000006
RA7                               00000007
RB0                               00000000
RB1                               00000001
RB2                               00000002
MPASM 5.87                          MAIN.ASM   6-5-2022  19:36:51         PAGE 13


SYMBOL TABLE
  LABEL                             VALUE 

RB3                               00000003
RB4                               00000004
RB5                               00000005
RB6                               00000006
RB7                               00000007
RBIE                              00000003
RBIF                              00000000
RC0                               00000000
RC1                               00000001
RC2                               00000002
RC3                               00000003
RC4                               00000004
RC5                               00000005
RC6                               00000006
RC7                               00000007
RC8_9                             00000006
RC9                               00000006
RCD8                              00000000
RCEN                              00000003
RCIDL                             00000006
RCIE                              00000005
RCIF                              00000005
RCREG                             0000001A
RCSTA                             00000018
RD                                00000000
RD0                               00000000
RD1                               00000001
RD2                               00000002
RD3                               00000003
RD4                               00000004
RD5                               00000005
RD6                               00000006
RD7                               00000007
RE0                               00000000
RE1                               00000001
RE2                               00000002
RE3                               00000003
READ_WRITE                        00000002
RP0                               00000005
RP1                               00000006
RSEN                              00000001
RX9                               00000006
RX9D                              00000000
R_NOT_W                           00000002
R_W                               00000002
Row                               00000075
S                                 00000003
SBOREN                            00000004
SCKP                              00000004
SCS                               00000000
SEN                               00000000
SENDB                             00000003
SMP                               00000007
MPASM 5.87                          MAIN.ASM   6-5-2022  19:36:51         PAGE 14


SYMBOL TABLE
  LABEL                             VALUE 

SPBRG                             00000099
SPBRGH                            0000009A
SPEN                              00000007
SR0                               00000006
SR1                               00000007
SRCON                             00000185
SREN                              00000005
SSPADD                            00000093
SSPBUF                            00000013
SSPCON                            00000014
SSPCON2                           00000091
SSPEN                             00000005
SSPIE                             00000003
SSPIF                             00000003
SSPM0                             00000000
SSPM1                             00000001
SSPM2                             00000002
SSPM3                             00000003
SSPMSK                            00000093
SSPOV                             00000006
SSPSTAT                           00000094
STATUS                            00000003
STRA                              00000000
STRB                              00000001
STRC                              00000002
STRD                              00000003
STRSYNC                           00000004
SWDTEN                            00000000
SYNC                              00000004
ScanColumns                       00000071
ScanRows                          00000081
SendRegister                      0000004F
Status_Temp                       00000071
T0CS                              00000005
T0IE                              00000005
T0IF                              00000002
T0SE                              00000004
T1CKPS0                           00000004
T1CKPS1                           00000005
T1CON                             00000010
T1GINV                            00000007
T1GIV                             00000007
T1GSS                             00000001
T1INSYNC                          00000002
T1OSCEN                           00000003
T1SYNC                            00000002
T2CKPS0                           00000000
T2CKPS1                           00000001
T2CON                             00000012
TMR0                              00000001
TMR0IE                            00000005
TMR0IF                            00000002
TMR1                              0000000E
MPASM 5.87                          MAIN.ASM   6-5-2022  19:36:51         PAGE 15


SYMBOL TABLE
  LABEL                             VALUE 

TMR1CS                            00000001
TMR1GE                            00000006
TMR1H                             0000000F
TMR1IE                            00000000
TMR1IF                            00000000
TMR1L                             0000000E
TMR1ON                            00000000
TMR2                              00000011
TMR2IE                            00000001
TMR2IF                            00000001
TMR2ON                            00000002
TOUTPS0                           00000003
TOUTPS1                           00000004
TOUTPS2                           00000005
TOUTPS3                           00000006
TRISA                             00000085
TRISA0                            00000000
TRISA1                            00000001
TRISA2                            00000002
TRISA3                            00000003
TRISA4                            00000004
TRISA5                            00000005
TRISA6                            00000006
TRISA7                            00000007
TRISB                             00000086
TRISB0                            00000000
TRISB1                            00000001
TRISB2                            00000002
TRISB3                            00000003
TRISB4                            00000004
TRISB5                            00000005
TRISB6                            00000006
TRISB7                            00000007
TRISC                             00000087
TRISC0                            00000000
TRISC1                            00000001
TRISC2                            00000002
TRISC3                            00000003
TRISC4                            00000004
TRISC5                            00000005
TRISC6                            00000006
TRISC7                            00000007
TRISD                             00000088
TRISD0                            00000000
TRISD1                            00000001
TRISD2                            00000002
TRISD3                            00000003
TRISD4                            00000004
TRISD5                            00000005
TRISD6                            00000006
TRISD7                            00000007
TRISE                             00000089
TRISE0                            00000000
MPASM 5.87                          MAIN.ASM   6-5-2022  19:36:51         PAGE 16


SYMBOL TABLE
  LABEL                             VALUE 

TRISE1                            00000001
TRISE2                            00000002
TRISE3                            00000003
TRMT                              00000001
TUN0                              00000000
TUN1                              00000001
TUN2                              00000002
TUN3                              00000003
TUN4                              00000004
TX8_9                             00000006
TX9                               00000006
TX9D                              00000000
TXD8                              00000000
TXEN                              00000005
TXIE                              00000004
TXIF                              00000004
TXREG                             00000019
TXSTA                             00000098
UA                                00000001
ULPWUE                            00000005
ULPWUIE                           00000002
ULPWUIF                           00000002
VCFG0                             00000004
VCFG1                             00000005
VR0                               00000000
VR1                               00000001
VR2                               00000002
VR3                               00000003
VRCON                             00000097
VREN                              00000007
VROE                              00000006
VRR                               00000005
VRSS                              00000004
W                                 00000000
WCOL                              00000007
WDTCON                            00000105
WDTPS0                            00000001
WDTPS1                            00000002
WDTPS2                            00000003
WDTPS3                            00000004
WPUB                              00000095
WPUB0                             00000000
WPUB1                             00000001
WPUB2                             00000002
WPUB3                             00000003
WPUB4                             00000004
WPUB5                             00000005
WPUB6                             00000006
WPUB7                             00000007
WR                                00000001
WREN                              00000002
WRERR                             00000003
WUE                               00000001
MPASM 5.87                          MAIN.ASM   6-5-2022  19:36:51         PAGE 17


SYMBOL TABLE
  LABEL                             VALUE 

W_Temp                            00000070
Z                                 00000002
_.org_2_0054                      00000054
_.org_2_0068                      00000068
_.org_2_006A                      0000006A
_.org_2_006C                      0000006C
_.org_2_006E                      0000006E
_.org_2_00B3                      000000B3
_BOR21V                           00003EFF
_BOR40V                           00003FFF
_BOR4V_BOR21V                     00003EFF
_BOR4V_BOR40V                     00003FFF
_BOREN_NSLEEP                     00003EFF
_BOREN_OFF                        00003CFF
_BOREN_ON                         00003FFF
_BOREN_SBODEN                     00003DFF
_BOR_NSLEEP                       00003EFF
_BOR_OFF                          00003CFF
_BOR_ON                           00003FFF
_BOR_SBODEN                       00003DFF
_CONFIG1                          00002007
_CONFIG2                          00002008
_CPD_OFF                          00003FFF
_CPD_ON                           00003F7F
_CP_OFF                           00003FFF
_CP_ON                            00003FBF
_DEBUG_OFF                        00003FFF
_DEBUG_ON                         00001FFF
_DEVID1                           00002006
_EC_OSC                           00003FFB
_EXTRC                            00003FFF
_EXTRCIO                          00003FFE
_EXTRC_OSC_CLKOUT                 00003FFF
_EXTRC_OSC_NOCLKOUT               00003FFE
_FCMEN_OFF                        000037FF
_FCMEN_ON                         00003FFF
_FOSC_EC                          00003FFB
_FOSC_EXTRC_CLKOUT                00003FFF
_FOSC_EXTRC_NOCLKOUT              00003FFE
_FOSC_HS                          00003FFA
_FOSC_INTRC_CLKOUT                00003FFD
_FOSC_INTRC_NOCLKOUT              00003FFC
_FOSC_LP                          00003FF8
_FOSC_XT                          00003FF9
_HS_OSC                           00003FFA
_IDLOC0                           00002000
_IDLOC1                           00002001
_IDLOC2                           00002002
_IDLOC3                           00002003
_IESO_OFF                         00003BFF
_IESO_ON                          00003FFF
_INTOSC                           00003FFD
_INTOSCIO                         00003FFC
MPASM 5.87                          MAIN.ASM   6-5-2022  19:36:51         PAGE 18


SYMBOL TABLE
  LABEL                             VALUE 

_INTRC_OSC_CLKOUT                 00003FFD
_INTRC_OSC_NOCLKOUT               00003FFC
_LP_OSC                           00003FF8
_LVP_OFF                          00002FFF
_LVP_ON                           00003FFF
_MCLRE_OFF                        00003FDF
_MCLRE_ON                         00003FFF
_PWRTE_OFF                        00003FFF
_PWRTE_ON                         00003FEF
_WDTE_OFF                         00003FF7
_WDTE_ON                          00003FFF
_WDT_OFF                          00003FF7
_WDT_ON                           00003FFF
_WRT_1FOURTH                      00003BFF
_WRT_256                          00003DFF
_WRT_HALF                         000039FF
_WRT_OFF                          00003FFF
_XT_OSC                           00003FF9
__16F887                          00000001
main                              00000030
resetVector                       00000000

Errors   :     0
Warnings :     8 reported,     0 suppressed
Messages :    10 reported,     0 suppressed

