MPASM 5.87                          MAIN.ASM   6-5-2022  19:42:04         PAGE  1


LOC  OBJECT CODE     LINE SOURCE TEXT
  VALUE

                      00001 ;-------------------------------------------------------------------------------
                      00002 ;   
                      00003 ;   Archivo: main.asm
                      00004 ;   Fecha de creacion/modificacion: 17 Mayo 2022
                      00005 ;   Author: Lencina, Aquiles Benjamin y Quinteros del Castillo, Santiago
                      00006 ;   Dispositivo: PIC16F887
                      00007 ;   Descripción: Receptor TP FINAL
                      00008 ;   Hardware: Simulacion y Implementacion
                      00009 ;
                      00010 ;-------------------------------------------------------------------------------
                      00011 
                      00012 ;-------------------------------------------------------------------------------
                      00013 ; Librerías incluidas
                      00014 ;-------------------------------------------------------------------------------
                      00015 
Warning[205]: Found directive in column 1. (PROCESSOR)
                      00016 PROCESSOR 16F887
Warning[205]: Found directive in column 1. (LIST)
                      00017 LIST P = 16F887
                      00018 #include <p16f887.inc>
                      00001         LIST
                      00002 
                      00003 ;==========================================================================
                      00004 ; Build date : Jan 06 2020
                      00005 ;  MPASM PIC16F887 processor include
                      00006 ; 
                      00007 ;  (c) Copyright 1999-2020 Microchip Technology, All rights reserved
                      00008 ;==========================================================================
                      00009 
                      00810         LIST
                      00019     
                      00020 ;-------------------------------------------------------------------------------
                      00021 ; Palabras de configuración
                      00022 ;-------------------------------------------------------------------------------
                      00023         
2007   23C4           00024  __CONFIG _CONFIG1, _FOSC_INTRC_NOCLKOUT & _WDTE_OFF & _PWRTE_ON & _MCLRE_OFF & _CP_OFF & _CPD_OFF & _BO
                            REN_ON & _IESO_OFF & _FCMEN_OFF & _LVP_OFF
2008   3FFF           00025  __CONFIG _CONFIG2, _BOR4V_BOR40V & _WRT_OFF
                      00026      
                      00027 ;-------------------------------------------------------------------------------
                      00028 ; Macros
                      00029 ;-------------------------------------------------------------------------------
                      00030     
                      00031 #define RX_FIRST    0x30
                      00032 #define RX_LAST     0x35
                      00033 #define DISP_FIRST  0x36
                      00034 #define DISP_LAST   0x3A
                      00035  
Warning[205]: Found directive in column 1. (cblock)
                      00036 cblock 0x70
  00000070            00037     W_Temp
  00000071            00038     Status_Temp
                      00039     
MPASM 5.87                          MAIN.ASM   6-5-2022  19:42:04         PAGE  2


LOC  OBJECT CODE     LINE SOURCE TEXT
  VALUE

  00000072            00040     Data_Temp
  00000073            00041     Code_Temp
                      00042     
  00000074            00043     BufferFlag
  00000075            00044     BufferPointer
                      00045     
  00000076            00046     AuxPort  
  00000077            00047     DispShowPointer
  00000078            00048     DispWritePointer
Warning[205]: Found directive in column 1. (ENDC)
                      00049 endc
                      00050 
                      00051 ;-------------------------------------------------------------------------------
                      00052 ; Variables
                      00053 ;-------------------------------------------------------------------------------
                      00054     
                      00055 ;-------------------------------------------------------------------------------
                      00056 ; Vector de Reset
                      00057 ;-------------------------------------------------------------------------------
                      00058     
Warning[205]: Found directive in column 1. (ORG)
                      00059 ORG 0x0000
0000                  00060 resetVector:
0000   2???           00061     goto main
                      00062 
                      00063 ;-------------------------------------------------------------------------------
                      00064 ; Loop principal
                      00065 ;-------------------------------------------------------------------------------
Warning[205]: Found directive in column 1. (ORG)
                      00066 ORG 0x0004
0004   00F0           00067     movwf W_Temp
0005   0E03           00068     swapf STATUS, W
0006   00F1           00069     movwf Status_Temp
                      00070     
0007   190B           00071     btfsc INTCON, T0IF
0008   2???           00072     call Multiplex
                      00073     
0009   1A8C           00074     btfsc PIR1, RCIF 
000A   2???           00075     call RecibeRegister
                      00076     
000B   0E71           00077     swapf Status_Temp, W
000C   0083           00078     movwf STATUS
000D   0EF0           00079     swapf W_Temp, F
000E   0E70           00080     swapf W_Temp, W
                      00081     
000F   0009           00082     retfie
                      00083     
Warning[205]: Found directive in column 1. (ORG)
                      00084 ORG 0x0030
0030                  00085 main:    
0030   1703           00086     bsf STATUS, RP1
                      00087     
0031   3061           00088     movlw 0x61
MPASM 5.87                          MAIN.ASM   6-5-2022  19:42:04         PAGE  3


LOC  OBJECT CODE     LINE SOURCE TEXT
  VALUE

Message[302]: Register in operand not in bank 0.  Ensure that bank bits are correct.
0032   008F           00089     movwf OSCCON
                      00090     
0033   1683           00091     bsf STATUS, RP0
                      00092     
Message[302]: Register in operand not in bank 0.  Ensure that bank bits are correct.
0034   0187           00093     clrf BAUDCTL
                      00094     
Message[302]: Register in operand not in bank 0.  Ensure that bank bits are correct.
0035   0188           00095     clrf ANSEL                  
Message[302]: Register in operand not in bank 0.  Ensure that bank bits are correct.
0036   0189           00096     clrf ANSELH
                      00097     
0037   1303           00098     bcf STATUS, RP1
                      00099     
0038   3019           00100     movlw 0x19
Message[302]: Register in operand not in bank 0.  Ensure that bank bits are correct.
0039   0099           00101     movwf SPBRG
                      00102     
003A   3080           00103     movlw 0x80
Message[302]: Register in operand not in bank 0.  Ensure that bank bits are correct.
003B   0088           00104     movwf TRISD
                      00105     
003C   30F0           00106     movlw 0xF0
Message[302]: Register in operand not in bank 0.  Ensure that bank bits are correct.
003D   0085           00107     movwf TRISA
                      00108     
003E   3040           00109     movlw 0x40
Message[302]: Register in operand not in bank 0.  Ensure that bank bits are correct.
003F   008C           00110     movwf PIE1
                      00111     
0040   3084           00112     movlw 0x84
Message[302]: Register in operand not in bank 0.  Ensure that bank bits are correct.
0041   0081           00113     movwf OPTION_REG
                      00114     
0042   1283           00115     bcf STATUS, RP0
                      00116     
0043   3036           00117     movlw DISP_FIRST
0044   00F7           00118     movwf DispShowPointer
                      00119     
0045   3030           00120     movlw RX_FIRST
0046   00F5           00121     movwf BufferPointer
                      00122     
0047   3001           00123     movlw 0x01
0048   00F6           00124     movwf AuxPort
                      00125     
0049   2???           00126     call Clear
                      00127     
004A   1474           00128     bsf BufferFlag, 0
                      00129 
004B   3090           00130     movlw 0x90
004C   0098           00131     movwf RCSTA
                      00132     
MPASM 5.87                          MAIN.ASM   6-5-2022  19:42:04         PAGE  4


LOC  OBJECT CODE     LINE SOURCE TEXT
  VALUE

004D   30E4           00133     movlw 0xE4
004E   008B           00134     movwf INTCON
                      00135 
004F                  00136 Main_Loop:    
004F   1C74           00137     btfss BufferFlag, 0
0050   2???           00138     call Refresh
                      00139     
0051   2???           00140     goto Main_Loop
                      00141     
                      00142 ;-------------------------------------------------------------------------------
                      00143 ; Subrutinas
                      00144 ;-------------------------------------------------------------------------------
                      00145     
                      00146 ;--------------------------------------------------------------
0052                  00147 RecibeRegister
0052   1898           00148     btfsc RCSTA, OERR
0053   2???           00149     goto ResetUART
0054   2???           00150     goto Recibe
                      00151     
0055                  00152 ResetUART:
0055   1218           00153     bcf RCSTA, CREN
0056   1618           00154     bsf RCSTA, CREN
                      00155     
0057                  00156 Recibe:
0057   081A           00157     movf RCREG, W
                      00158     
0058   2???           00159     call PutBuffer
                      00160     
0059   128C           00161     bcf PIR1, RCIF
                      00162     
005A   0008           00163     return
                      00164 ;--------------------------------------------------------------
                      00165     
                      00166 ;--------------------------------------------------------------
005B                  00167 Multiplex
005B   0185           00168     clrf PORTA
                      00169     
005C   0877           00170     movf DispShowPointer, W
005D   0084           00171     movwf FSR
005E   0800           00172     movf INDF, W
005F   0088           00173     movwf PORTD
                      00174 
0060   0876           00175     movf AuxPort, W
0061   0085           00176     movwf PORTA
                      00177      
0062   1003           00178     bcf STATUS, C
0063   0DF6           00179     rlf AuxPort, F
                      00180     
0064   0AF7           00181     incf DispShowPointer, F
                      00182     
0065   303A           00183     movlw DISP_LAST
0066   0277           00184     subwf DispShowPointer, W
0067   1C03           00185     btfss STATUS, C
MPASM 5.87                          MAIN.ASM   6-5-2022  19:42:04         PAGE  5


LOC  OBJECT CODE     LINE SOURCE TEXT
  VALUE

0068   2???           00186     goto Finish
0069   2???           00187     goto Init
                      00188 
006A                  00189 Init:
006A   3001           00190     movlw 0x01
006B   00F6           00191     movwf AuxPort
                      00192     
006C   3036           00193     movlw DISP_FIRST
006D   00F7           00194     movwf DispShowPointer
                      00195     
006E                  00196 Finish:
006E   110B           00197     bcf INTCON, T0IF
                      00198     
006F   3064           00199     movlw 0x64
0070   0081           00200     movwf TMR0
                      00201     
0071   0008           00202     return
                      00203 ;--------------------------------------------------------------
                      00204 
                      00205 ;--------------------------------------------------------------
0072                  00206 Refresh
0072   2???           00207     call PollBuffer
0073   00F2           00208     movwf Data_Temp
                      00209     
0074   30F0           00210     movlw 0xF0
0075   0572           00211     andwf Data_Temp, W
0076   00F3           00212     movwf Code_Temp
0077   300F           00213     movlw 0x0F
0078   05F2           00214     andwf Data_Temp, F
                      00215     
0079   30D0           00216     movlw 0xD0
007A   0273           00217     subwf Code_Temp, W
007B   1903           00218     btfsc STATUS, Z
007C   2???           00219     call DisplayData
                      00220     
007D   0008           00221     return
                      00222 ;--------------------------------------------------------------
                      00223     
                      00224 ;--------------------------------------------------------------
007E                  00225 DisplayData
007E   0872           00226     movf Data_Temp, W
007F   2???           00227     call DecodeDisplay
0080   00F2           00228     movwf Data_Temp
                      00229     
0081   3000           00230     movlw 0x00
0082   0272           00231     subwf Data_Temp, W
0083   1903           00232     btfsc STATUS, Z
0084   2???           00233     goto Clean
                      00234     
0085   30FF           00235     movlw 0xFF
0086   0272           00236     subwf Data_Temp, W
0087   1903           00237     btfsc STATUS, Z
0088   2???           00238     goto Delete
MPASM 5.87                          MAIN.ASM   6-5-2022  19:42:04         PAGE  6


LOC  OBJECT CODE     LINE SOURCE TEXT
  VALUE

                      00239     
0089   2???           00240     goto Save
                      00241     
008A                  00242 Delete:
008A   2???           00243     call Backspace
                      00244     
008B   0878           00245     movf DispWritePointer, W
008C   0084           00246     movwf FSR
008D   0872           00247     movf Data_Temp, W
008E   0080           00248     movwf INDF
                      00249     
008F   2???           00250     goto Done
                      00251     
0090                  00252 Save:
0090   303A           00253     movlw DISP_LAST
0091   0278           00254     subwf DispWritePointer, W
0092   1803           00255     btfsc STATUS, C
0093   2???           00256     call Clear
                      00257     
0094   0878           00258     movf DispWritePointer, W
0095   0084           00259     movwf FSR
0096   0872           00260     movf Data_Temp, W
0097   0080           00261     movwf INDF
                      00262     
0098   0AF8           00263     incf DispWritePointer, F    
                      00264 
0099   2???           00265     goto Done
                      00266 
009A                  00267 Clean:
009A   2???           00268     call Clear
                      00269     
009B                  00270 Done: 
009B   100B           00271     bcf INTCON, RBIF    
                      00272     
009C   0008           00273     return
                      00274 ;--------------------------------------------------------------
                      00275     
                      00276 ;--------------------------------------------------------------
009D                  00277 Backspace
009D   3036           00278     movlw DISP_FIRST
009E   0278           00279     subwf DispWritePointer, W
009F   1903           00280     btfsc STATUS, Z
00A0   0008           00281     return
                      00282     
00A1   03F8           00283     decf DispWritePointer, F
                      00284        
00A2   0008           00285     return
                      00286 ;--------------------------------------------------------------
                      00287 
                      00288 ;--------------------------------------------------------------
00A3                  00289 Clear
00A3   3036           00290     movlw DISP_FIRST
00A4   0084           00291     movwf FSR
MPASM 5.87                          MAIN.ASM   6-5-2022  19:42:04         PAGE  7


LOC  OBJECT CODE     LINE SOURCE TEXT
  VALUE

                      00292     
00A5                  00293 RegClrf: 
00A5   30FF           00294     movlw 0xFF
00A6   0080           00295     movwf INDF
                      00296     
00A7   0A84           00297     incf FSR, F
                      00298     
00A8   303A           00299     movlw DISP_LAST
00A9   0204           00300     subwf FSR, W
00AA   1C03           00301     btfss STATUS, C
00AB   2???           00302     goto RegClrf
                      00303     
00AC   3036           00304     movlw DISP_FIRST
00AD   00F8           00305     movwf DispWritePointer
                      00306     
00AE   0008           00307     return
                      00308 ;--------------------------------------------------------------
                      00309 
                      00310 ;--------------------------------------------------------------
00AF                  00311 PutBuffer
00AF   00F2           00312     movwf Data_Temp
                      00313     
00B0   3035           00314     movlw RX_LAST
00B1   0275           00315     subwf BufferPointer, W
00B2   1903           00316     btfsc STATUS, Z
00B3   2???           00317     goto Full
00B4   2???           00318     goto Add
                      00319     
00B5                  00320 Full:
00B5   3030           00321     movlw RX_FIRST
00B6   00F5           00322     movwf BufferPointer
                      00323 
00B7                  00324 Add:
00B7   0875           00325     movf BufferPointer, W
00B8   0084           00326     movwf FSR
                      00327     
00B9   0872           00328     movf  Data_Temp, W
00BA   0080           00329     movwf INDF
                      00330     
00BB   0AF5           00331     incf BufferPointer, F
                      00332     
00BC   1074           00333     bcf BufferFlag, 0
                      00334     
00BD   0008           00335     return
                      00336 ;--------------------------------------------------------------
                      00337     
                      00338 ;--------------------------------------------------------------
00BE                  00339 PollBuffer   
00BE   03F5           00340     decf BufferPointer, F
                      00341     
00BF   0875           00342     movf BufferPointer, W
00C0   0084           00343     movwf FSR
                      00344     
MPASM 5.87                          MAIN.ASM   6-5-2022  19:42:04         PAGE  8


LOC  OBJECT CODE     LINE SOURCE TEXT
  VALUE

00C1   3030           00345     movlw RX_FIRST
00C2   0275           00346     subwf BufferPointer, W
00C3   1903           00347     btfsc STATUS, Z
00C4   1474           00348     bsf BufferFlag, 0
                      00349 
00C5   0800           00350     movf INDF, W
                      00351     
00C6   0008           00352     return
                      00353 ;--------------------------------------------------------------
                      00354 
                      00355 ;--------------------------------------------------------------
00C7   0782           00356 DecodeDisplay addwf PCL, F 
00C8   3400           00357     retlw 0x00 ;clear
00C9   3440           00358     retlw 0x40 ;0
00CA   34FF           00359     retlw 0xFF ;backspace
00CB   3421           00360     retlw 0x21 ;d
00CC   34F8           00361     retlw 0xF8 ;7
00CD   3480           00362     retlw 0x80 ;8
00CE   3498           00363     retlw 0x98 ;9
00CF   34C6           00364     retlw 0xC6 ;C
00D0   3499           00365     retlw 0x99 ;4
00D1   3492           00366     retlw 0x92 ;5
00D2   3482           00367     retlw 0x82 ;6
00D3   3483           00368     retlw 0x83 ;b
00D4   34F9           00369     retlw 0xF9 ;1
00D5   3424           00370     retlw 0x24 ;2
00D6   3430           00371     retlw 0x30 ;3
00D7   3488           00372     retlw 0x88 ;A
                      00373 ;--------------------------------------------------------------
                      00374     
Warning[205]: Found directive in column 1. (END)
23C4 3FFF             00375 END
MPASM 5.87                          MAIN.ASM   6-5-2022  19:42:04         PAGE  9


SYMBOL TABLE
  LABEL                             VALUE 

ABDEN                             00000000
ABDOVF                            00000007
ACKDT                             00000005
ACKEN                             00000004
ACKSTAT                           00000006
ADCON0                            0000001F
ADCON1                            0000009F
ADCS0                             00000006
ADCS1                             00000007
ADDEN                             00000003
ADFM                              00000007
ADIE                              00000006
ADIF                              00000006
ADON                              00000000
ADRESH                            0000001E
ADRESL                            0000009E
ANS0                              00000000
ANS1                              00000001
ANS10                             00000002
ANS11                             00000003
ANS12                             00000004
ANS13                             00000005
ANS2                              00000002
ANS3                              00000003
ANS4                              00000004
ANS5                              00000005
ANS6                              00000006
ANS7                              00000007
ANS8                              00000000
ANS9                              00000001
ANSEL                             00000188
ANSELH                            00000189
Add                               000000B7
AuxPort                           00000076
BAUDCTL                           00000187
BCLIE                             00000003
BCLIF                             00000003
BF                                00000000
BRG0                              00000000
BRG1                              00000001
BRG10                             00000002
BRG11                             00000003
BRG12                             00000004
BRG13                             00000005
BRG14                             00000006
BRG15                             00000007
BRG16                             00000003
BRG2                              00000002
BRG3                              00000003
BRG4                              00000004
BRG5                              00000005
BRG6                              00000006
BRG7                              00000007
MPASM 5.87                          MAIN.ASM   6-5-2022  19:42:04         PAGE 10


SYMBOL TABLE
  LABEL                             VALUE 

BRG8                              00000000
BRG9                              00000001
BRGH                              00000002
Backspace                         0000009D
BufferFlag                        00000074
BufferPointer                     00000075
C                                 00000000
C1CH0                             00000000
C1CH1                             00000001
C1IE                              00000005
C1IF                              00000005
C1OE                              00000005
C1ON                              00000007
C1OUT                             00000006
C1POL                             00000004
C1R                               00000002
C1RSEL                            00000005
C1SEN                             00000005
C2CH0                             00000000
C2CH1                             00000001
C2IE                              00000006
C2IF                              00000006
C2OE                              00000005
C2ON                              00000007
C2OUT                             00000006
C2POL                             00000004
C2R                               00000002
C2REN                             00000004
C2RSEL                            00000004
C2SYNC                            00000000
CCP1CON                           00000017
CCP1IE                            00000002
CCP1IF                            00000002
CCP1M0                            00000000
CCP1M1                            00000001
CCP1M2                            00000002
CCP1M3                            00000003
CCP1X                             00000005
CCP1Y                             00000004
CCP2CON                           0000001D
CCP2IE                            00000000
CCP2IF                            00000000
CCP2M0                            00000000
CCP2M1                            00000001
CCP2M2                            00000002
CCP2M3                            00000003
CCP2X                             00000005
CCP2Y                             00000004
CCPR1                             00000015
CCPR1H                            00000016
CCPR1L                            00000015
CCPR2                             0000001B
CCPR2H                            0000001C
MPASM 5.87                          MAIN.ASM   6-5-2022  19:42:04         PAGE 11


SYMBOL TABLE
  LABEL                             VALUE 

CCPR2L                            0000001B
CHS0                              00000002
CHS1                              00000003
CHS2                              00000004
CHS3                              00000005
CKE                               00000006
CKP                               00000004
CM1CON0                           00000107
CM2CON0                           00000108
CM2CON1                           00000109
CREN                              00000004
CSRC                              00000007
Clean                             0000009A
Clear                             000000A3
Code_Temp                         00000073
D                                 00000005
DATA_ADDRESS                      00000005
DC                                00000001
DC1B0                             00000004
DC1B1                             00000005
DC2B0                             00000004
DC2B1                             00000005
DISP_FIRST                        0x36
DISP_LAST                         0x3A
D_A                               00000005
D_NOT_A                           00000005
Data_Temp                         00000072
DecodeDisplay                     000000C7
Delete                            0000008A
DispShowPointer                   00000077
DispWritePointer                  00000078
DisplayData                       0000007E
Done                              0000009B
ECCPAS                            0000009C
ECCPAS0                           00000004
ECCPAS1                           00000005
ECCPAS2                           00000006
ECCPASE                           00000007
EEADR                             0000010D
EEADRH                            0000010F
EECON1                            0000018C
EECON2                            0000018D
EEDAT                             0000010C
EEDATA                            0000010C
EEDATH                            0000010E
EEIE                              00000004
EEIF                              00000004
EEPGD                             00000007
F                                 00000001
FERR                              00000002
FSR                               00000004
FVREN                             00000000
Finish                            0000006E
MPASM 5.87                          MAIN.ASM   6-5-2022  19:42:04         PAGE 12


SYMBOL TABLE
  LABEL                             VALUE 

Full                              000000B5
GCEN                              00000007
GIE                               00000007
GO                                00000001
GO_DONE                           00000001
GO_NOT_DONE                       00000001
HTS                               00000002
I2C_DATA                          00000005
I2C_READ                          00000002
I2C_START                         00000003
I2C_STOP                          00000004
INDF                              00000000
INTCON                            0000000B
INTE                              00000004
INTEDG                            00000006
INTF                              00000001
IOCB                              00000096
IOCB0                             00000000
IOCB1                             00000001
IOCB2                             00000002
IOCB3                             00000003
IOCB4                             00000004
IOCB5                             00000005
IOCB6                             00000006
IOCB7                             00000007
IRCF0                             00000004
IRCF1                             00000005
IRCF2                             00000006
IRP                               00000007
Init                              0000006A
LTS                               00000001
MC1OUT                            00000007
MC2OUT                            00000006
MSK                               00000093
MSK0                              00000000
MSK1                              00000001
MSK2                              00000002
MSK3                              00000003
MSK4                              00000004
MSK5                              00000005
MSK6                              00000006
MSK7                              00000007
Main_Loop                         0000004F
Multiplex                         0000005B
NOT_A                             00000005
NOT_ADDRESS                       00000005
NOT_BO                            00000000
NOT_BOR                           00000000
NOT_DONE                          00000001
NOT_PD                            00000003
NOT_POR                           00000001
NOT_RBPU                          00000007
NOT_RC8                           00000006
MPASM 5.87                          MAIN.ASM   6-5-2022  19:42:04         PAGE 13


SYMBOL TABLE
  LABEL                             VALUE 

NOT_T1SYNC                        00000002
NOT_TO                            00000004
NOT_TX8                           00000006
NOT_W                             00000002
NOT_WRITE                         00000002
OERR                              00000001
OPTION_REG                        00000081
OSCCON                            0000008F
OSCTUNE                           00000090
OSFIE                             00000007
OSFIF                             00000007
OSTS                              00000003
P                                 00000004
P1M0                              00000006
P1M1                              00000007
PCL                               00000002
PCLATH                            0000000A
PCON                              0000008E
PDC0                              00000000
PDC1                              00000001
PDC2                              00000002
PDC3                              00000003
PDC4                              00000004
PDC5                              00000005
PDC6                              00000006
PEIE                              00000006
PEN                               00000002
PIE1                              0000008C
PIE2                              0000008D
PIR1                              0000000C
PIR2                              0000000D
PORTA                             00000005
PORTB                             00000006
PORTC                             00000007
PORTD                             00000008
PORTE                             00000009
PR2                               00000092
PRSEN                             00000007
PS0                               00000000
PS1                               00000001
PS2                               00000002
PSA                               00000003
PSSAC0                            00000002
PSSAC1                            00000003
PSSBD0                            00000000
PSSBD1                            00000001
PSTRCON                           0000009D
PULSR                             00000002
PULSS                             00000003
PWM1CON                           0000009B
PollBuffer                        000000BE
PutBuffer                         000000AF
R                                 00000002
MPASM 5.87                          MAIN.ASM   6-5-2022  19:42:04         PAGE 14


SYMBOL TABLE
  LABEL                             VALUE 

RA0                               00000000
RA1                               00000001
RA2                               00000002
RA3                               00000003
RA4                               00000004
RA5                               00000005
RA6                               00000006
RA7                               00000007
RB0                               00000000
RB1                               00000001
RB2                               00000002
RB3                               00000003
RB4                               00000004
RB5                               00000005
RB6                               00000006
RB7                               00000007
RBIE                              00000003
RBIF                              00000000
RC0                               00000000
RC1                               00000001
RC2                               00000002
RC3                               00000003
RC4                               00000004
RC5                               00000005
RC6                               00000006
RC7                               00000007
RC8_9                             00000006
RC9                               00000006
RCD8                              00000000
RCEN                              00000003
RCIDL                             00000006
RCIE                              00000005
RCIF                              00000005
RCREG                             0000001A
RCSTA                             00000018
RD                                00000000
RD0                               00000000
RD1                               00000001
RD2                               00000002
RD3                               00000003
RD4                               00000004
RD5                               00000005
RD6                               00000006
RD7                               00000007
RE0                               00000000
RE1                               00000001
RE2                               00000002
RE3                               00000003
READ_WRITE                        00000002
RP0                               00000005
RP1                               00000006
RSEN                              00000001
RX9                               00000006
MPASM 5.87                          MAIN.ASM   6-5-2022  19:42:04         PAGE 15


SYMBOL TABLE
  LABEL                             VALUE 

RX9D                              00000000
RX_FIRST                          0x30
RX_LAST                           0x35
R_NOT_W                           00000002
R_W                               00000002
Recibe                            00000057
RecibeRegister                    00000052
Refresh                           00000072
RegClrf                           000000A5
ResetUART                         00000055
S                                 00000003
SBOREN                            00000004
SCKP                              00000004
SCS                               00000000
SEN                               00000000
SENDB                             00000003
SMP                               00000007
SPBRG                             00000099
SPBRGH                            0000009A
SPEN                              00000007
SR0                               00000006
SR1                               00000007
SRCON                             00000185
SREN                              00000005
SSPADD                            00000093
SSPBUF                            00000013
SSPCON                            00000014
SSPCON2                           00000091
SSPEN                             00000005
SSPIE                             00000003
SSPIF                             00000003
SSPM0                             00000000
SSPM1                             00000001
SSPM2                             00000002
SSPM3                             00000003
SSPMSK                            00000093
SSPOV                             00000006
SSPSTAT                           00000094
STATUS                            00000003
STRA                              00000000
STRB                              00000001
STRC                              00000002
STRD                              00000003
STRSYNC                           00000004
SWDTEN                            00000000
SYNC                              00000004
Save                              00000090
Status_Temp                       00000071
T0CS                              00000005
T0IE                              00000005
T0IF                              00000002
T0SE                              00000004
T1CKPS0                           00000004
MPASM 5.87                          MAIN.ASM   6-5-2022  19:42:04         PAGE 16


SYMBOL TABLE
  LABEL                             VALUE 

T1CKPS1                           00000005
T1CON                             00000010
T1GINV                            00000007
T1GIV                             00000007
T1GSS                             00000001
T1INSYNC                          00000002
T1OSCEN                           00000003
T1SYNC                            00000002
T2CKPS0                           00000000
T2CKPS1                           00000001
T2CON                             00000012
TMR0                              00000001
TMR0IE                            00000005
TMR0IF                            00000002
TMR1                              0000000E
TMR1CS                            00000001
TMR1GE                            00000006
TMR1H                             0000000F
TMR1IE                            00000000
TMR1IF                            00000000
TMR1L                             0000000E
TMR1ON                            00000000
TMR2                              00000011
TMR2IE                            00000001
TMR2IF                            00000001
TMR2ON                            00000002
TOUTPS0                           00000003
TOUTPS1                           00000004
TOUTPS2                           00000005
TOUTPS3                           00000006
TRISA                             00000085
TRISA0                            00000000
TRISA1                            00000001
TRISA2                            00000002
TRISA3                            00000003
TRISA4                            00000004
TRISA5                            00000005
TRISA6                            00000006
TRISA7                            00000007
TRISB                             00000086
TRISB0                            00000000
TRISB1                            00000001
TRISB2                            00000002
TRISB3                            00000003
TRISB4                            00000004
TRISB5                            00000005
TRISB6                            00000006
TRISB7                            00000007
TRISC                             00000087
TRISC0                            00000000
TRISC1                            00000001
TRISC2                            00000002
TRISC3                            00000003
MPASM 5.87                          MAIN.ASM   6-5-2022  19:42:04         PAGE 17


SYMBOL TABLE
  LABEL                             VALUE 

TRISC4                            00000004
TRISC5                            00000005
TRISC6                            00000006
TRISC7                            00000007
TRISD                             00000088
TRISD0                            00000000
TRISD1                            00000001
TRISD2                            00000002
TRISD3                            00000003
TRISD4                            00000004
TRISD5                            00000005
TRISD6                            00000006
TRISD7                            00000007
TRISE                             00000089
TRISE0                            00000000
TRISE1                            00000001
TRISE2                            00000002
TRISE3                            00000003
TRMT                              00000001
TUN0                              00000000
TUN1                              00000001
TUN2                              00000002
TUN3                              00000003
TUN4                              00000004
TX8_9                             00000006
TX9                               00000006
TX9D                              00000000
TXD8                              00000000
TXEN                              00000005
TXIE                              00000004
TXIF                              00000004
TXREG                             00000019
TXSTA                             00000098
UA                                00000001
ULPWUE                            00000005
ULPWUIE                           00000002
ULPWUIF                           00000002
VCFG0                             00000004
VCFG1                             00000005
VR0                               00000000
VR1                               00000001
VR2                               00000002
VR3                               00000003
VRCON                             00000097
VREN                              00000007
VROE                              00000006
VRR                               00000005
VRSS                              00000004
W                                 00000000
WCOL                              00000007
WDTCON                            00000105
WDTPS0                            00000001
WDTPS1                            00000002
MPASM 5.87                          MAIN.ASM   6-5-2022  19:42:04         PAGE 18


SYMBOL TABLE
  LABEL                             VALUE 

WDTPS2                            00000003
WDTPS3                            00000004
WPUB                              00000095
WPUB0                             00000000
WPUB1                             00000001
WPUB2                             00000002
WPUB3                             00000003
WPUB4                             00000004
WPUB5                             00000005
WPUB6                             00000006
WPUB7                             00000007
WR                                00000001
WREN                              00000002
WRERR                             00000003
WUE                               00000001
W_Temp                            00000070
Z                                 00000002
_BOR21V                           00003EFF
_BOR40V                           00003FFF
_BOR4V_BOR21V                     00003EFF
_BOR4V_BOR40V                     00003FFF
_BOREN_NSLEEP                     00003EFF
_BOREN_OFF                        00003CFF
_BOREN_ON                         00003FFF
_BOREN_SBODEN                     00003DFF
_BOR_NSLEEP                       00003EFF
_BOR_OFF                          00003CFF
_BOR_ON                           00003FFF
_BOR_SBODEN                       00003DFF
_CONFIG1                          00002007
_CONFIG2                          00002008
_CPD_OFF                          00003FFF
_CPD_ON                           00003F7F
_CP_OFF                           00003FFF
_CP_ON                            00003FBF
_DEBUG_OFF                        00003FFF
_DEBUG_ON                         00001FFF
_DEVID1                           00002006
_EC_OSC                           00003FFB
_EXTRC                            00003FFF
_EXTRCIO                          00003FFE
_EXTRC_OSC_CLKOUT                 00003FFF
_EXTRC_OSC_NOCLKOUT               00003FFE
_FCMEN_OFF                        000037FF
_FCMEN_ON                         00003FFF
_FOSC_EC                          00003FFB
_FOSC_EXTRC_CLKOUT                00003FFF
_FOSC_EXTRC_NOCLKOUT              00003FFE
_FOSC_HS                          00003FFA
_FOSC_INTRC_CLKOUT                00003FFD
_FOSC_INTRC_NOCLKOUT              00003FFC
_FOSC_LP                          00003FF8
_FOSC_XT                          00003FF9
MPASM 5.87                          MAIN.ASM   6-5-2022  19:42:04         PAGE 19


SYMBOL TABLE
  LABEL                             VALUE 

_HS_OSC                           00003FFA
_IDLOC0                           00002000
_IDLOC1                           00002001
_IDLOC2                           00002002
_IDLOC3                           00002003
_IESO_OFF                         00003BFF
_IESO_ON                          00003FFF
_INTOSC                           00003FFD
_INTOSCIO                         00003FFC
_INTRC_OSC_CLKOUT                 00003FFD
_INTRC_OSC_NOCLKOUT               00003FFC
_LP_OSC                           00003FF8
_LVP_OFF                          00002FFF
_LVP_ON                           00003FFF
_MCLRE_OFF                        00003FDF
_MCLRE_ON                         00003FFF
_PWRTE_OFF                        00003FFF
_PWRTE_ON                         00003FEF
_WDTE_OFF                         00003FF7
_WDTE_ON                          00003FFF
_WDT_OFF                          00003FF7
_WDT_ON                           00003FFF
_WRT_1FOURTH                      00003BFF
_WRT_256                          00003DFF
_WRT_HALF                         000039FF
_WRT_OFF                          00003FFF
_XT_OSC                           00003FF9
__16F887                          00000001
main                              00000030
resetVector                       00000000

Errors   :     0
Warnings :     8 reported,     0 suppressed
Messages :     9 reported,     0 suppressed

